/scratch3/NCEPDEV/fv3-cam/Ting.Lei/dr-miniconda3/envs/aardvark-env/lib/python3.8/site-packages/torch/functional.py:512: UserWarning: torch.meshgrid: in an upcoming release, it will be required to pass the indexing argument. (Triggered internally at /opt/conda/conda-bld/pytorch_1712608851799/work/aten/src/ATen/native/TensorShape.cpp:3587.)
  return _VF.meshgrid(tensors, **kwargs)  # type: ignore[attr-defined]
/scratch3/NCEPDEV/fv3-cam/Ting.Lei/dr-aardvark/aardvark-weather-public/aardvark/loader.py:596: UserWarning: The given NumPy array is not writable, and PyTorch does not support non-writable tensors. This means writing to this tensor will result in undefined behavior. You may want to copy the array to protect its data or make it writable before converting it to a tensor. This type of warning will be suppressed for the rest of this program. (Triggered internally at /opt/conda/conda-bld/pytorch_1712608851799/work/torch/csrc/utils/tensor_numpy.cpp:206.)
  return torch.from_numpy(arr).float().to(self.device)
Loading IGRA
Loading AMSU-A
Loading AMSU-B
Loading ICOADS
Loading IASI
Loading GEO
Loading HADISD
Loading ASCAT
Loading ERA5
[DEBUG] era5_mode 4u_sfc time_freq 1D era5_frame_shape (30, 240, 121) means_shape (30, 1, 1) stds_shape (30, 1, 1)
[BAD] y_context_hadisd_current[0]: nan=3061 inf=0 shape=(9549,)
[BAD] y_context_hadisd_current[1]: nan=3197 inf=0 shape=(9447,)
[BAD] y_context_hadisd_current[2]: nan=4127 inf=0 shape=(8846,)
[BAD] y_context_hadisd_current[3]: nan=3138 inf=0 shape=(9551,)
[BAD] y_context_hadisd_current[4]: nan=3318 inf=0 shape=(9551,)
[BAD] sat_current: nan=36 inf=0 shape=(2, 514, 200)
[BAD] icoads_x_current[0]: nan=7918 inf=0 shape=(12000,)
[BAD] icoads_x_current[1]: nan=12000 inf=0 shape=(12000,)
[BAD] icoads_current: nan=55368 inf=0 shape=(5, 12000)
[BAD] igra_current: nan=21296 inf=0 shape=(24, 1375)
[BAD] amsua_current: nan=73886 inf=0 shape=(121, 240, 11)
[BAD] amsub_current: nan=395 inf=0 shape=(240, 121, 5)
[BAD] ascat_current: nan=266190 inf=0 shape=(240, 121, 15)
[BAD] hirs_current: nan=47080 inf=0 shape=(240, 121, 20)
[BAD] y_target_current: nan=464640 inf=0 shape=(121, 240, 24)
[BAD] y_target: nan=464640 inf=0 shape=(121, 240, 24)
[BAD] y_context_hadisd_current[0]: nan=3031 inf=0 shape=(9549,)
[BAD] y_context_hadisd_current[1]: nan=3153 inf=0 shape=(9447,)
[BAD] y_context_hadisd_current[2]: nan=4117 inf=0 shape=(8846,)
[BAD] y_context_hadisd_current[3]: nan=3094 inf=0 shape=(9551,)
[BAD] y_context_hadisd_current[4]: nan=3257 inf=0 shape=(9551,)
[BAD] sat_current: nan=3582 inf=0 shape=(2, 514, 200)
[BAD] icoads_x_current[0]: nan=8394 inf=0 shape=(12000,)
[BAD] icoads_x_current[1]: nan=12000 inf=0 shape=(12000,)
[BAD] icoads_current: nan=55572 inf=0 shape=(5, 12000)
[BAD] igra_current: nan=21215 inf=0 shape=(24, 1375)
[BAD] amsua_current: nan=50696 inf=0 shape=(121, 240, 11)
[BAD] amsub_current: nan=435 inf=0 shape=(240, 121, 5)
[BAD] ascat_current: nan=215565 inf=0 shape=(240, 121, 15)
[BAD] hirs_current: nan=47380 inf=0 shape=(240, 121, 20)
[BAD] y_target_current: nan=464640 inf=0 shape=(121, 240, 24)
[BAD] y_target: nan=464640 inf=0 shape=(121, 240, 24)
[BAD] y_context_hadisd_current[0]: nan=2972 inf=0 shape=(9549,)
[BAD] y_context_hadisd_current[1]: nan=3123 inf=0 shape=(9447,)
[BAD] y_context_hadisd_current[2]: nan=4018 inf=0 shape=(8846,)
[BAD] y_context_hadisd_current[3]: nan=3044 inf=0 shape=(9551,)
[BAD] y_context_hadisd_current[4]: nan=3224 inf=0 shape=(9551,)
[BAD] sat_current: nan=35 inf=0 shape=(2, 514, 200)
[BAD] icoads_x_current[0]: nan=8360 inf=0 shape=(12000,)
[BAD] icoads_x_current[1]: nan=12000 inf=0 shape=(12000,)
[BAD] icoads_current: nan=55584 inf=0 shape=(5, 12000)
[BAD] igra_current: nan=21215 inf=0 shape=(24, 1375)
[BAD] amsua_current: nan=68413 inf=0 shape=(121, 240, 11)
[BAD] amsub_current: nan=420 inf=0 shape=(240, 121, 5)
[BAD] ascat_current: nan=207270 inf=0 shape=(240, 121, 15)
[BAD] hirs_current: nan=48494 inf=0 shape=(240, 121, 20)
[BAD] y_target_current: nan=464640 inf=0 shape=(121, 240, 24)
[BAD] y_target: nan=464640 inf=0 shape=(121, 240, 24)
[BAD] y_context_hadisd_current[0]: nan=2931 inf=0 shape=(9549,)
[BAD] y_context_hadisd_current[1]: nan=3060 inf=0 shape=(9447,)
[BAD] y_context_hadisd_current[2]: nan=4026 inf=0 shape=(8846,)
[BAD] y_context_hadisd_current[3]: nan=2999 inf=0 shape=(9551,)
[BAD] y_context_hadisd_current[4]: nan=3177 inf=0 shape=(9551,)
[BAD] sat_current: nan=33 inf=0 shape=(2, 514, 200)
[BAD] icoads_x_current[0]: nan=8238 inf=0 shape=(12000,)
[BAD] icoads_x_current[1]: nan=12000 inf=0 shape=(12000,)
[BAD] icoads_current: nan=55473 inf=0 shape=(5, 12000)
[BAD] igra_current: nan=21059 inf=0 shape=(24, 1375)
[BAD] amsua_current: nan=54299 inf=0 shape=(121, 240, 11)
[BAD] amsub_current: nan=785 inf=0 shape=(240, 121, 5)
[BAD] ascat_current: nan=205953 inf=0 shape=(240, 121, 15)
[BAD] hirs_current: nan=48239 inf=0 shape=(240, 121, 20)
[BAD] y_target_current: nan=464640 inf=0 shape=(121, 240, 24)
[BAD] y_target: nan=464640 inf=0 shape=(121, 240, 24)
[BAD] y_context_hadisd_current[0]: nan=2926 inf=0 shape=(9549,)
[BAD] y_context_hadisd_current[1]: nan=3073 inf=0 shape=(9447,)
[BAD] y_context_hadisd_current[2]: nan=4038 inf=0 shape=(8846,)
[BAD] y_context_hadisd_current[3]: nan=2993 inf=0 shape=(9551,)
[BAD] y_context_hadisd_current[4]: nan=3169 inf=0 shape=(9551,)
[BAD] sat_current: nan=37 inf=0 shape=(2, 514, 200)
[BAD] icoads_x_current[0]: nan=8070 inf=0 shape=(12000,)
[BAD] icoads_x_current[1]: nan=12000 inf=0 shape=(12000,)
[BAD] icoads_current: nan=55467 inf=0 shape=(5, 12000)
[BAD] igra_current: nan=21136 inf=0 shape=(24, 1375)
[BAD] amsua_current: nan=47282 inf=0 shape=(121, 240, 11)
[BAD] amsub_current: nan=1140 inf=0 shape=(240, 121, 5)
[BAD] ascat_current: nan=207165 inf=0 shape=(240, 121, 15)
[BAD] hirs_current: nan=47816 inf=0 shape=(240, 121, 20)
[BAD] y_target_current: nan=464640 inf=0 shape=(121, 240, 24)
[BAD] y_target: nan=464640 inf=0 shape=(121, 240, 24)
[BAD] y_context_hadisd_current[0]: nan=2975 inf=0 shape=(9549,)
[BAD] y_context_hadisd_current[1]: nan=3135 inf=0 shape=(9447,)
[BAD] y_context_hadisd_current[2]: nan=4116 inf=0 shape=(8846,)
[BAD] y_context_hadisd_current[3]: nan=3043 inf=0 shape=(9551,)
[BAD] y_context_hadisd_current[4]: nan=3210 inf=0 shape=(9551,)
[BAD] sat_current: nan=35 inf=0 shape=(2, 514, 200)
[BAD] icoads_x_current[0]: nan=8508 inf=0 shape=(12000,)
[BAD] icoads_x_current[1]: nan=12000 inf=0 shape=(12000,)
[BAD] icoads_current: nan=55599 inf=0 shape=(5, 12000)
[BAD] igra_current: nan=21099 inf=0 shape=(24, 1375)
[BAD] amsua_current: nan=45382 inf=0 shape=(121, 240, 11)
[BAD] amsub_current: nan=545 inf=0 shape=(240, 121, 5)
[BAD] ascat_current: nan=216531 inf=0 shape=(240, 121, 15)
[BAD] hirs_current: nan=47368 inf=0 shape=(240, 121, 20)
[BAD] y_target_current: nan=464640 inf=0 shape=(121, 240, 24)
[BAD] y_target: nan=464640 inf=0 shape=(121, 240, 24)
[BAD] y_context_hadisd_current[0]: nan=2985 inf=0 shape=(9549,)
[BAD] y_context_hadisd_current[1]: nan=3124 inf=0 shape=(9447,)
[BAD] y_context_hadisd_current[2]: nan=4113 inf=0 shape=(8846,)
[BAD] y_context_hadisd_current[3]: nan=3056 inf=0 shape=(9551,)
[BAD] y_context_hadisd_current[4]: nan=3240 inf=0 shape=(9551,)
[BAD] sat_current: nan=31 inf=0 shape=(2, 514, 200)
[BAD] icoads_x_current[0]: nan=8202 inf=0 shape=(12000,)
[BAD] icoads_x_current[1]: nan=12000 inf=0 shape=(12000,)
[BAD] icoads_current: nan=55566 inf=0 shape=(5, 12000)
[BAD] igra_current: nan=21264 inf=0 shape=(24, 1375)
[BAD] amsua_current: nan=55135 inf=0 shape=(121, 240, 11)
[BAD] amsub_current: nan=501 inf=0 shape=(240, 121, 5)
[BAD] ascat_current: nan=215805 inf=0 shape=(240, 121, 15)
[BAD] hirs_current: nan=49841 inf=0 shape=(240, 121, 20)
[BAD] y_target_current: nan=464640 inf=0 shape=(121, 240, 24)
[BAD] y_target: nan=464640 inf=0 shape=(121, 240, 24)
