cp: cp: cannot stat 'reproduce_training.sh'cannot stat 'reproduce_training.sh': No such file or directory: No such file or directory

/scratch3/NCEPDEV/fv3-cam/Ting.Lei/dr-miniconda3/envs/aardvark-env/lib/python3.8/site-packages/torch/functional.py:512: UserWarning: torch.meshgrid: in an upcoming release, it will be required to pass the indexing argument. (Triggered internally at /opt/conda/conda-bld/pytorch_1712608851799/work/aten/src/ATen/native/TensorShape.cpp:3587.)
  return _VF.meshgrid(tensors, **kwargs)  # type: ignore[attr-defined]
/scratch3/NCEPDEV/fv3-cam/Ting.Lei/dr-aardvark/aardvark-weather-public/aardvark/loader.py:596: UserWarning: The given NumPy array is not writable, and PyTorch does not support non-writable tensors. This means writing to this tensor will result in undefined behavior. You may want to copy the array to protect its data or make it writable before converting it to a tensor. This type of warning will be suppressed for the rest of this program. (Triggered internally at /opt/conda/conda-bld/pytorch_1712608851799/work/torch/csrc/utils/tensor_numpy.cpp:206.)
  return torch.from_numpy(arr).float().to(self.device)
/scratch3/NCEPDEV/fv3-cam/Ting.Lei/dr-miniconda3/envs/aardvark-env/lib/python3.8/site-packages/numpy/core/fromnumeric.py:3464: RuntimeWarning: Mean of empty slice.
  return _methods._mean(a, axis=axis, dtype=dtype,
/scratch3/NCEPDEV/fv3-cam/Ting.Lei/dr-miniconda3/envs/aardvark-env/lib/python3.8/site-packages/numpy/core/_methods.py:192: RuntimeWarning: invalid value encountered in scalar divide
  ret = ret.dtype.type(ret / rcount)
  0%|          | 0/61 [00:00<?, ?batch/s]/scratch3/NCEPDEV/fv3-cam/Ting.Lei/dr-miniconda3/envs/aardvark-env/lib/python3.8/site-packages/torch/functional.py:512: UserWarning: torch.meshgrid: in an upcoming release, it will be required to pass the indexing argument. (Triggered internally at /opt/conda/conda-bld/pytorch_1712608851799/work/aten/src/ATen/native/TensorShape.cpp:3587.)
  return _VF.meshgrid(tensors, **kwargs)  # type: ignore[attr-defined]
/scratch3/NCEPDEV/fv3-cam/Ting.Lei/dr-aardvark/aardvark-weather-public/aardvark/loader.py:596: UserWarning: The given NumPy array is not writable, and PyTorch does not support non-writable tensors. This means writing to this tensor will result in undefined behavior. You may want to copy the array to protect its data or make it writable before converting it to a tensor. This type of warning will be suppressed for the rest of this program. (Triggered internally at /opt/conda/conda-bld/pytorch_1712608851799/work/torch/csrc/utils/tensor_numpy.cpp:206.)
  return torch.from_numpy(arr).float().to(self.device)
/scratch3/NCEPDEV/fv3-cam/Ting.Lei/dr-miniconda3/envs/aardvark-env/lib/python3.8/site-packages/numpy/core/fromnumeric.py:3464: RuntimeWarning: Mean of empty slice.
  return _methods._mean(a, axis=axis, dtype=dtype,
/scratch3/NCEPDEV/fv3-cam/Ting.Lei/dr-miniconda3/envs/aardvark-env/lib/python3.8/site-packages/numpy/core/_methods.py:192: RuntimeWarning: invalid value encountered in scalar divide
  ret = ret.dtype.type(ret / rcount)
  0%|          | 0/61 [00:00<?, ?batch/s]  0%|          | 0/61 [00:09<?, ?batch/s, loss=1]  0%|          | 0/61 [00:09<?, ?batch/s, loss=1.02]  2%|▏         | 1/61 [00:09<09:27,  9.46s/batch, loss=1.02]  2%|▏         | 1/61 [00:09<09:30,  9.50s/batch, loss=1]  2%|▏         | 1/61 [00:13<13:28, 13.47s/batch, loss=1]
  2%|▏         | 1/61 [00:13<13:52, 13.88s/batch, loss=1.02]
W0113 03:48:28.312423 22594971316928 torch/multiprocessing/spawn.py:145] Terminating process 1027110 via signal SIGTERM
Traceback (most recent call last):
  File "../aardvark/train_module.py", line 439, in <module>
    mp.spawn(main, args=[world_size, output_dir, args], nprocs=world_size)
  File "/scratch3/NCEPDEV/fv3-cam/Ting.Lei/dr-miniconda3/envs/aardvark-env/lib/python3.8/site-packages/torch/multiprocessing/spawn.py", line 281, in spawn
    return start_processes(fn, args, nprocs, join, daemon, start_method="spawn")
  File "/scratch3/NCEPDEV/fv3-cam/Ting.Lei/dr-miniconda3/envs/aardvark-env/lib/python3.8/site-packages/torch/multiprocessing/spawn.py", line 237, in start_processes
    while not context.join():
  File "/scratch3/NCEPDEV/fv3-cam/Ting.Lei/dr-miniconda3/envs/aardvark-env/lib/python3.8/site-packages/torch/multiprocessing/spawn.py", line 188, in join
    raise ProcessRaisedException(msg, error_index, failed_process.pid)
torch.multiprocessing.spawn.ProcessRaisedException: 

-- Process 0 terminated with the following error:
Traceback (most recent call last):
  File "/scratch3/NCEPDEV/fv3-cam/Ting.Lei/dr-miniconda3/envs/aardvark-env/lib/python3.8/site-packages/torch/multiprocessing/spawn.py", line 75, in _wrap
    fn(i, *args)
  File "/scratch3/NCEPDEV/fv3-cam/Ting.Lei/dr-aardvark/aardvark-weather-public/aardvark/train_module.py", line 370, in main
    trainer.train(n_epochs=args.epoch)
  File "/scratch3/NCEPDEV/fv3-cam/Ting.Lei/dr-aardvark/aardvark-weather-public/aardvark/trainer.py", line 281, in train
    loss = self.loss_function(
  File "/scratch3/NCEPDEV/fv3-cam/Ting.Lei/dr-miniconda3/envs/aardvark-env/lib/python3.8/site-packages/torch/nn/modules/module.py", line 1532, in _wrapped_call_impl
    return self._call_impl(*args, **kwargs)
  File "/scratch3/NCEPDEV/fv3-cam/Ting.Lei/dr-miniconda3/envs/aardvark-env/lib/python3.8/site-packages/torch/nn/modules/module.py", line 1541, in _call_impl
    return forward_call(*args, **kwargs)
  File "/scratch3/NCEPDEV/fv3-cam/Ting.Lei/dr-aardvark/aardvark-weather-public/aardvark/loss_functions.py", line 37, in forward
    "[WARN] RmseLoss: all-NaN squared_diff for batches "
  File "/scratch3/NCEPDEV/fv3-cam/Ting.Lei/dr-miniconda3/envs/aardvark-env/lib/python3.8/site-packages/torch/__init__.py", line 2003, in __getattr__
    raise AttributeError(f"module '{__name__}' has no attribute '{name}'")
AttributeError: module 'torch' has no attribute 'nanmin'

